[freebw.com/templates/novas/index1.html]
[backblue.gif]
[fade.gif]
[index.html]
[freebw.com/templates/novas/favicon.png]
[freebw.com/templates/novas/fonts/material-design-iconic-font/css/material-design-iconic-font.min.css]
[freebw.com/templates/novas/fonts/linearicons/style.css]
[freebw.com/templates/novas/css/poppins-font.css]
[freebw.com/templates/novas/vendor/bootrap/css/bootstrap.min.css]
[freebw.com/templates/novas/vendor/owl/css/owl.carousel.min.css]
[freebw.com/templates/novas/vendor/owl/css/owl.theme.default.min.css]
[freebw.com/templates/novas/vendor/owl/css/animate.css]
[freebw.com/templates/novas/vendor/revolution/css/settings.css]
[freebw.com/templates/novas/vendor/revolution/css/layers.css]
[freebw.com/templates/novas/vendor/revolution/css/navigation.css]
[freebw.com/templates/novas/vendor/fancybox-master/css/jquery.fancybox.min.css]
[freebw.com/templates/novas/vendor/mejs/mediaelementplayer.css]
[freebw.com/templates/novas/vendor/nouislider/css/nouislider.css]
[freebw.com/templates/novas/css/style.min.css]
[freebw.com/templates/novas/images/icons/logo-black.png]
[freebw.com/templates/novas/index2.html]
[freebw.com/templates/novas/index3.html]
[freebw.com/templates/novas/index4.html]
[freebw.com/templates/novas/index5.html]
[freebw.com/templates/novas/index6.html]
[freebw.com/templates/novas/about-us.html]
[freebw.com/templates/novas/contact-us.html]
[freebw.com/templates/novas/coming-soon.html]
[freebw.com/templates/novas/error.html]
[freebw.com/templates/novas/shop-full-width.html]
[freebw.com/templates/novas/shop-right-width-siderbar.html]
[freebw.com/templates/novas/shop-left-width-siderbar.html]
[freebw.com/templates/novas/shop-single-v1.html]
[freebw.com/templates/novas/shop-single-v2.html]
[freebw.com/templates/novas/shop-cart.html]
[freebw.com/templates/novas/wish-list.html]
[freebw.com/templates/novas/check-out.html]
[freebw.com/templates/novas/my-account.html]
[freebw.com/templates/novas/order-tracking.html]
[freebw.com/templates/novas/images/header-shop-images.png]
[freebw.com/templates/novas/blog-masonry.html]
[freebw.com/templates/novas/right-sidebar.html]
[freebw.com/templates/novas/left-sidebar.html]
[freebw.com/templates/novas/no-sidebar.html]
[freebw.com/templates/novas/standard-post.html]
[freebw.com/templates/novas/gallery-post.html]
[freebw.com/templates/novas/link-post.html]
[freebw.com/templates/novas/quote-post.html]
[freebw.com/templates/novas/video-post.html]
[freebw.com/templates/novas/audio-post.html]
[freebw.com/templates/novas/standard-grid.html]
[freebw.com/templates/novas/standard-wide.html]
[freebw.com/templates/novas/gallery-grid.html]
[freebw.com/templates/novas/gallery-wide.html]
[freebw.com/templates/novas/masonry-grid.html]
[freebw.com/templates/novas/masonry-wide.html]
[freebw.com/templates/novas/two-columns-grid.html]
[freebw.com/templates/novas/three-columns-grid.html]
[freebw.com/templates/novas/three-columns-wide.html]
[freebw.com/templates/novas/four-columns-grid.html]
[freebw.com/templates/novas/four-columns-wide.html]
[freebw.com/templates/novas/five-columns-wide.html]
[freebw.com/templates/novas/small-images.html]
[freebw.com/templates/novas/big-images.html]
[freebw.com/templates/novas/small-slider.html]
[freebw.com/templates/novas/big-slider.html]
[freebw.com/templates/novas/small-gallery.html]
[freebw.com/templates/novas/big-gallery.html]
[freebw.com/templates/novas/small-masonry.html]
[freebw.com/templates/novas/big-masonry.html]
[freebw.com/templates/novas/product-categories.html]
[freebw.com/templates/novas/standard-list.html]
[freebw.com/templates/novas/product-widget.html]
[freebw.com/templates/novas/masonry-list.html]
[freebw.com/templates/novas/product-showcase.html]
[freebw.com/templates/novas/banner.html]
[freebw.com/templates/novas/our-team.html]
[freebw.com/templates/novas/testimonial.html]
[freebw.com/templates/novas/countdown-timer.html]
[freebw.com/templates/novas/mailchimp-form.html]
[freebw.com/templates/novas/images/header-elements-images.png]
[freebw.com/templates/novas/images/icons/header-icon-1.png]
[freebw.com/templates/novas/images/icons/header-icon-2.png]
[freebw.com/templates/novas/images/hp-1-drop-cart-1.png]
[freebw.com/templates/novas/images/hp-1-drop-cart-2.png]
[freebw.com/templates/novas/images/icons/header-icon-3.png]
[freebw.com/templates/novas/images/hp-1-canvas-1.jpg]
[freebw.com/templates/novas/images/hp-1-canvas-2.jpg]
[freebw.com/templates/novas/images/hp-1-canvas-3.jpg]
[freebw.com/templates/novas/images/hp-1-canvas-4.jpg]
[freebw.com/templates/novas/images/hp-1-canvas-5.jpg]
[freebw.com/templates/novas/images/hp-1-canvas-6.jpg]
[freebw.com/templates/novas/images/hp-1-slide-bg-1.jpg]
[freebw.com/templates/novas/images/hp-1-slide-bg-2.jpg]
[freebw.com/templates/novas/images/hp-1-slide-bg-3.jpg]
[freebw.com/templates/novas/images/hp-1-categories-1.jpg]
[freebw.com/templates/novas/images/hp-1-categories-2.jpg]
[freebw.com/templates/novas/images/hp-1-categories-3.jpg]
[freebw.com/templates/novas/images/hp-1-featured-1.jpg]
[freebw.com/templates/novas/images/hp-1-featured-11.jpg]
[freebw.com/templates/novas/images/icons/shopping-cart-black-icon.png]
[freebw.com/templates/novas/images/hp-1-featured-2.jpg]
[freebw.com/templates/novas/images/hp-1-featured-3.jpg]
[freebw.com/templates/novas/images/hp-1-featured-33.jpg]
[freebw.com/templates/novas/images/hp-1-featured-4.jpg]
[freebw.com/templates/novas/images/hp-1-featured-44.jpg]
[freebw.com/templates/novas/images/hp-1-featured-5.jpg]
[freebw.com/templates/novas/images/hp-1-featured-55.jpg]
[freebw.com/templates/novas/images/hp-1-featured-6.jpg]
[freebw.com/templates/novas/images/hp-1-featured-7.jpg]
[freebw.com/templates/novas/images/hp-1-featured-77.jpg]
[freebw.com/templates/novas/images/hp-1-featured-8.jpg]
[freebw.com/templates/novas/images/hp-1-featured-88.jpg]
[freebw.com/templates/novas/images/hp-1-featured-9.jpg]
[freebw.com/templates/novas/images/hp-1-featured-99.jpg]
[freebw.com/templates/novas/images/hp-1-featured-10.jpg]
[freebw.com/templates/novas/images/hp-1-banner-1.jpg]
[freebw.com/templates/novas/images/hp-1-banner-2.jpg]
[freebw.com/templates/novas/images/hp-1-testimonials-1.png]
[freebw.com/templates/novas/images/hp-1-testimonials-2.png]
[freebw.com/templates/novas/images/hp-1-ig-1.jpg]
[freebw.com/templates/novas/images/hp-1-ig-2.jpg]
[freebw.com/templates/novas/images/hp-1-ig-3.jpg]
[freebw.com/templates/novas/images/hp-1-ig-4.jpg]
[freebw.com/templates/novas/images/hp-1-ig-5.jpg]
[freebw.com/templates/novas/images/icons/logo-white.png]
[freebw.com/cdn-cgi/scripts/5c5dd728/cloudflare-static/email-decode.min.js]
[ajax.googleapis.com/ajax/libs/jquery/3.3.1/jquery.min.js]
[freebw.com/templates/novas/vendor/bootrap/js/bootstrap.min.js]
[freebw.com/templates/novas/js/jquery.waypoints.min.js]
[freebw.com/templates/novas/vendor/owl/js/owl.carousel.min.js]
[freebw.com/templates/novas/vendor/owl/js/OwlCarousel2Thumbs.min.js]
[freebw.com/templates/novas/vendor/revolution/js/jquery.themepunch.tools.min.js]
[freebw.com/templates/novas/vendor/revolution/js/jquery.themepunch.revolution.min.js]
[freebw.com/templates/novas/js/isotope.pkgd.min.js]
[freebw.com/templates/novas/js/imagesloaded.pkgd.min.js]
[freebw.com/templates/novas/js/jquery.masonry.min.js]
[freebw.com/templates/novas/js/masonry.pkgd.min.js]
[freebw.com/templates/novas/vendor/fancybox-master/js/jquery.fancybox.min.js]
[freebw.com/templates/novas/js/theme-map.js]
[freebw.com/templates/novas/vendor/countdown/jquery.countdown.min.js]
[freebw.com/templates/novas/vendor/mejs/mediaelement-and-player.min.js]
[freebw.com/templates/novas/vendor/nouislider/js/nouislider.js]
[freebw.com/templates/novas/vendor/sweetalert/sweetalert.min.js]
[freebw.com/templates/novas/js/config-contact.js]
[freebw.com/templates/novas/index1.html]
[freebw.com/templates/novas/js/custom.js]
[freebw.com/templates/novas/fonts/material-design-iconic-font/fonts/Material-Design-Iconic-Fontd1f1.woff2]
[freebw.com/templates/novas/fonts/material-design-iconic-font/fonts/Material-Design-Iconic-Fontd1f1.woff]
[freebw.com/templates/novas/fonts/material-design-iconic-font/fonts/Material-Design-Iconic-Fontd1f1.ttf]
[freebw.com/templates/novas/fonts/material-design-iconic-font/css/material-design-iconic-font.min.css]
[freebw.com/templates/novas/fonts/linearicons/fonts/Linearicons-Free54e9.eot]
[freebw.com/templates/novas/fonts/linearicons/fonts/Linearicons-Freed41d.eot]
[freebw.com/templates/novas/fonts/linearicons/fonts/Linearicons-Free54e9.woff2]
[freebw.com/templates/novas/fonts/linearicons/fonts/Linearicons-Free54e9.woff]
[freebw.com/templates/novas/fonts/linearicons/fonts/Linearicons-Free54e9.ttf]
[freebw.com/templates/novas/fonts/linearicons/style.css]
[freebw.com/templates/novas/fonts/linearicons/fonts/Linearicons-Free54e9.svg]
[freebw.com/templates/novas/fonts/Poppins/Poppins-Thin.ttf]
[freebw.com/templates/novas/fonts/Poppins/Poppins-ExtraLightItalic.ttf]
[freebw.com/templates/novas/fonts/Poppins/Poppins-LightItalic.ttf]
[freebw.com/templates/novas/fonts/Poppins/Poppins-ThinItalic.ttf]
[freebw.com/templates/novas/fonts/Poppins/Poppins-SemiBoldItalic.ttf]
[freebw.com/templates/novas/fonts/Poppins/Poppins-Light.ttf]
[freebw.com/templates/novas/fonts/Poppins/Poppins-Black.ttf]
[freebw.com/templates/novas/fonts/Poppins/Poppins-Italic.ttf]
[freebw.com/templates/novas/fonts/Poppins/Poppins-SemiBold.ttf]
[freebw.com/templates/novas/fonts/Poppins/Poppins-BlackItalic.ttf]
[freebw.com/templates/novas/fonts/Poppins/Poppins-ExtraLight.ttf]
[freebw.com/templates/novas/fonts/Poppins/Poppins-Medium.ttf]
[freebw.com/templates/novas/fonts/Poppins/Poppins-MediumItalic.ttf]
[freebw.com/templates/novas/fonts/Poppins/Poppins-Regular.ttf]
[freebw.com/templates/novas/fonts/Poppins/Poppins-ExtraBoldItalic.ttf]
[freebw.com/templates/novas/fonts/Poppins/Poppins-Bold.ttf]
[freebw.com/templates/novas/fonts/Poppins/Poppins-BoldItalic.ttf]
[freebw.com/templates/novas/fonts/Poppins/Poppins-ExtraBold.ttf]
[freebw.com/templates/novas/css/poppins-font.css]
[freebw.com/templates/novas/vendor/bootrap/css/bootstrap.min.css]
[freebw.com/templates/novas/vendor/owl/css/owl.video.play.png]
[freebw.com/templates/novas/vendor/owl/css/owl.carousel.min.css]
[freebw.com/templates/novas/vendor/owl/css/owl.theme.default.min.css]
[freebw.com/templates/novas/vendor/owl/css/animate.css]
[freebw.com/templates/novas/vendor/revolution/fonts/revicons/revicons90c6.eot]
[freebw.com/templates/novas/vendor/revolution/fonts/revicons/revicons90c6.woff]
[freebw.com/templates/novas/vendor/revolution/fonts/revicons/revicons90c6.ttf]
[freebw.com/templates/novas/vendor/revolution/fonts/revicons/revicons90c6.svg]
[freebw.com/templates/novas/vendor/revolution/css/openhand.cur]
[freebw.com/templates/novas/vendor/revolution/css/closedhand.cur]
[freebw.com/templates/novas/vendor/revolution/assets/gridtile.png]
[freebw.com/templates/novas/vendor/revolution/assets/gridtile_white.png]
[freebw.com/templates/novas/vendor/revolution/assets/gridtile_3x3.png]
[freebw.com/templates/novas/vendor/revolution/assets/gridtile_3x3_white.png]
[freebw.com/templates/novas/vendor/revolution/assets/coloredbg.png]
[freebw.com/templates/novas/vendor/revolution/assets/loader.gif]
[freebw.com/templates/novas/vendor/revolution/css/settings.css]
[freebw.com/templates/novas/vendor/revolution/css/layers.css]
[freebw.com/templates/novas/vendor/revolution/css/navigation.css]
[freebw.com/templates/novas/vendor/fancybox-master/css/jquery.fancybox.min.css]
[freebw.com/templates/novas/vendor/mejs/mejs-controls.svg]
[freebw.com/templates/novas/vendor/mejs/mediaelementplayer.css]
[freebw.com/templates/novas/vendor/nouislider/css/nouislider.css]
[freebw.com/templates/novas/images/hp-6-items-bg.jpg]
[freebw.com/templates/novas/images/icons/play-icon.png]
[freebw.com/templates/novas/images/icons/pause-icon.png]
[freebw.com/templates/novas/images/icons/volume-icon.png]
[freebw.com/templates/novas/images/icons/volume-none-icon.png]
[freebw.com/templates/novas/css/style.min.css]
[freebw.com/templates/novas/images/hp-2-slide-bg-1.jpg]
[freebw.com/templates/novas/images/hp-2-slide-bg-2.jpg]
[freebw.com/templates/novas/images/hp-2-slide-bg-3.jpg]
[freebw.com/templates/novas/images/hp-2-arrivals-1.jpg]
[freebw.com/templates/novas/images/hp-2-arrivals-2.jpg]
[freebw.com/templates/novas/images/hp-2-deal-bg.jpg]
[freebw.com/templates/novas/images/hp-2-deal-1.png]
[freebw.com/templates/novas/images/hp-2-sellers-1.jpg]
[freebw.com/templates/novas/images/hp-2-sellers-2.jpg]
[freebw.com/templates/novas/index2.html]
[freebw.com/templates/novas/images/hp-3-shop-1.jpg]
[freebw.com/templates/novas/images/hp-3-shop-11.jpg]
[freebw.com/templates/novas/images/hp-3-shop-2.jpg]
[freebw.com/templates/novas/images/hp-3-shop-3.jpg]
[freebw.com/templates/novas/images/hp-3-shop-33.jpg]
[freebw.com/templates/novas/images/hp-3-shop-4.jpg]
[freebw.com/templates/novas/images/hp-3-shop-44.jpg]
[freebw.com/templates/novas/images/hp-3-shop-5.jpg]
[freebw.com/templates/novas/images/hp-3-shop-55.jpg]
[freebw.com/templates/novas/images/hp-3-shop-6.jpg]
[freebw.com/templates/novas/images/hp-3-shop-66.jpg]
[freebw.com/templates/novas/images/hp-3-shop-7.jpg]
[freebw.com/templates/novas/images/hp-3-shop-77.jpg]
[freebw.com/templates/novas/images/hp-3-shop-8.jpg]
[freebw.com/templates/novas/images/hp-3-shop-88.jpg]
[freebw.com/templates/novas/images/hp-3-shop-9.jpg]
[freebw.com/templates/novas/images/hp-3-shop-10.jpg]
[freebw.com/templates/novas/images/hp-3-shop-100.jpg]
[freebw.com/templates/novas/images/hp-3-shop-2-11.jpg]
[freebw.com/templates/novas/images/hp-3-shop-2-111.jpg]
[freebw.com/templates/novas/images/hp-3-shop-12.jpg]
[freebw.com/templates/novas/images/hp-3-shop-13.jpg]
[freebw.com/templates/novas/images/hp-3-shop-133.jpg]
[freebw.com/templates/novas/images/hp-3-shop-14.jpg]
[freebw.com/templates/novas/images/hp-3-shop-15.jpg]
[freebw.com/templates/novas/images/hp-3-shop-16.jpg]
[freebw.com/templates/novas/index3.html]
[freebw.com/templates/novas/images/hp-4-slide-bg-1.jpg]
[freebw.com/templates/novas/images/hp-4-slide-bg-2.jpg]
[freebw.com/templates/novas/images/hp-4-banner-1.jpg]
[freebw.com/templates/novas/images/hp-4-banner-2.jpg]
[freebw.com/templates/novas/images/hp-4-banner-3.jpg]
[freebw.com/templates/novas/images/hp-4-banner-4.jpg]
[freebw.com/templates/novas/images/hp-4-video-bg.jpg]
[freebw.com/templates/novas/images/icons/hp-4-video-icon.png]
[freebw.com/templates/novas/images/hp-4-newsletter-bg.jpg]
[freebw.com/templates/novas/images/hp-4-news-1.jpg]
[freebw.com/templates/novas/images/hp-4-news-2.jpg]
[freebw.com/templates/novas/images/hp-4-news-3.jpg]
[freebw.com/templates/novas/index4.html]
[freebw.com/templates/novas/images/hp-5-items-1-1.jpg]
[freebw.com/templates/novas/images/hp-5-items-1-2.jpg]
[freebw.com/templates/novas/images/hp-5-items-1-3.jpg]
[freebw.com/templates/novas/images/hp-5-images-cover-1.jpg]
[freebw.com/templates/novas/images/hp-5-images-cover-2.jpg]
[freebw.com/templates/novas/images/hp-5-items-2-1.jpg]
[freebw.com/templates/novas/images/hp-5-items-2-2.jpg]
[freebw.com/templates/novas/images/hp-5-items-2-3.jpg]
[freebw.com/templates/novas/images/hp-5-items-3-1.jpg]
[freebw.com/templates/novas/images/hp-5-items-3-2.jpg]
[freebw.com/templates/novas/images/hp-5-items-3-3.jpg]
[freebw.com/templates/novas/images/hp-5-images-cover-3.jpg]
[freebw.com/templates/novas/images/hp-5-images-cover-4.jpg]
[freebw.com/templates/novas/images/hp-5-items-4-1.jpg]
[freebw.com/templates/novas/images/hp-5-items-4-2.jpg]
[freebw.com/templates/novas/images/hp-5-items-4-3.jpg]
[freebw.com/templates/novas/images/hp-5-items-5-1.jpg]
[freebw.com/templates/novas/images/hp-5-items-5-2.jpg]
[freebw.com/templates/novas/images/hp-5-items-5-3.jpg]
[freebw.com/templates/novas/images/hp-5-images-cover-5.jpg]
[freebw.com/templates/novas/images/hp-5-images-cover-6.jpg]
[freebw.com/templates/novas/images/hp-5-items-6-1.jpg]
[freebw.com/templates/novas/images/hp-5-items-6-2.jpg]
[freebw.com/templates/novas/images/hp-5-items-6-3.jpg]
[freebw.com/templates/novas/index5.html]
[freebw.com/templates/novas/images/hp-6-slide-bg-1.jpg]
[freebw.com/templates/novas/images/hp-6-slide-bg-2.jpg]
[freebw.com/templates/novas/images/hp-6-item-1.jpg]
[freebw.com/templates/novas/images/hp-6-item-2.jpg]
[freebw.com/templates/novas/images/hp-6-banner-1.jpg]
[freebw.com/templates/novas/images/hp-6-banner-2.jpg]
[freebw.com/templates/novas/images/hp-6-list-1.jpg]
[freebw.com/templates/novas/images/hp-6-list-2.jpg]
[freebw.com/templates/novas/images/hp-6-list-4.jpg]
[freebw.com/templates/novas/images/hp-6-list-5.jpg]
[freebw.com/templates/novas/images/hp-6-list-3.jpg]
[freebw.com/templates/novas/images/hp-6-list-6.jpg]
[freebw.com/templates/novas/index6.html]
[freebw.com/templates/novas/images/contact-us-bc.jpg]
[freebw.com/templates/novas/index.html]
[freebw.com/templates/novas/images/about-us-1.jpg]
[freebw.com/templates/novas/images/right-sidebar-member-signature.png]
[freebw.com/templates/novas/images/about-us-gallery-1.jpg]
[freebw.com/templates/novas/images/about-us-gallery-2.jpg]
[freebw.com/templates/novas/images/about-us-gallery-3.jpg]
[freebw.com/templates/novas/images/about-us-gallery-4.jpg]
[freebw.com/templates/novas/images/about-us-gallery-5.jpg]
[freebw.com/templates/novas/images/our-team-page-1.jpg]
[freebw.com/templates/novas/images/our-team-page-2.jpg]
[freebw.com/templates/novas/images/our-team-page-3.jpg]
[freebw.com/templates/novas/images/our-team-page-4.jpg]
[freebw.com/templates/novas/about-us.html]
[freebw.com/templates/novas/contact-us.html]
[freebw.com/templates/novas/images/coming-soon-bg.jpg]
[freebw.com/templates/novas/coming-soon.html]
[freebw.com/templates/novas/images/icons/header-icon-11.png]
[freebw.com/templates/novas/images/icons/header-icon-22.png]
[freebw.com/templates/novas/images/page-not-found-bg.jpg]
[freebw.com/templates/novas/error.html]
[freebw.com/templates/novas/images/shop-bc.jpg]
[freebw.com/templates/novas/images/hp-1-featured-13.jpg]
[freebw.com/templates/novas/images/hp-1-featured-14.jpg]
[freebw.com/templates/novas/shop-full-width.html]
[freebw.com/templates/novas/images/shop-right-sidebar-1.jpg]
[freebw.com/templates/novas/images/shop-right-sidebar-2.jpg]
[freebw.com/templates/novas/images/shop-right-sidebar-3.jpg]
[freebw.com/templates/novas/images/widget_banner.jpg]
[freebw.com/templates/novas/shop-right-width-siderbar.html]
[freebw.com/templates/novas/shop-left-width-siderbar.html]
[freebw.com/templates/novas/images/shop-single-v1-1.jpg]
[freebw.com/templates/novas/images/shop-single-v1-2.jpg]
[freebw.com/templates/novas/images/shop-single-v1-3.jpg]
[freebw.com/templates/novas/images/shop-single-v1-4.jpg]
[freebw.com/templates/novas/images/shop-single-v1-5.jpg]
[freebw.com/templates/novas/shop-single-v1.html]
[freebw.com/templates/novas/images/shop-single-v2-1.jpg]
[freebw.com/templates/novas/images/shop-single-v2-2.jpg]
[freebw.com/templates/novas/images/shop-single-v2-3.jpg]
[freebw.com/templates/novas/images/shop-single-v2-4.jpg]
[freebw.com/templates/novas/images/shop-single-v2-5.png]
[freebw.com/templates/novas/images/shop-single-v2-6.jpg]
[freebw.com/templates/novas/shop-single-v2.html]
[freebw.com/templates/novas/images/checkout-1.jpg]
[freebw.com/templates/novas/images/checkout-2.jpg]
[freebw.com/templates/novas/shop-cart.html]
[freebw.com/templates/novas/images/wishlist-1.jpg]
[freebw.com/templates/novas/images/wishlist-2.jpg]
[freebw.com/templates/novas/images/wishlist-3.jpg]
[freebw.com/templates/novas/images/wishlist-4.jpg]
[freebw.com/templates/novas/wish-list.html]
[freebw.com/templates/novas/check-out.html]
[freebw.com/templates/novas/my-account.html]
[freebw.com/templates/novas/order-tracking.html]
[freebw.com/templates/novas/lost-password.html]
[freebw.com/templates/novas/images/blog-bc.jpg]
[freebw.com/templates/novas/images/blog-masonry-1.jpg]
[freebw.com/templates/novas/images/blog-masonry-2.jpg]
[freebw.com/templates/novas/images/blog-masonry-3.jpg]
[freebw.com/templates/novas/images/blog-masonry-4.jpg]
[freebw.com/templates/novas/images/blog-masonry-5.jpg]
[freebw.com/templates/novas/images/blog-masonry-6.jpg]
[freebw.com/templates/novas/blog-masonry.html]
[freebw.com/templates/novas/images/blog-right-sidebar-1.jpg]
[freebw.com/templates/novas/images/blog-right-sidebar-2.jpg]
[freebw.com/templates/novas/images/blog-right-sidebar-3.jpg]
[freebw.com/templates/novas/images/right-sidebar-member.jpg]
[freebw.com/templates/novas/images/right-sidebar-lp-1.jpg]
[freebw.com/templates/novas/images/right-sidebar-lp-2.jpg]
[freebw.com/templates/novas/images/right-sidebar-lp-3.jpg]
[freebw.com/templates/novas/right-sidebar.html]
[freebw.com/templates/novas/left-sidebar.html]
[freebw.com/templates/novas/no-sidebar.html]
[freebw.com/templates/novas/images/standard-post-1.jpg]
[freebw.com/templates/novas/images/standard-post-2.jpg]
[freebw.com/templates/novas/images/standard-post-3.jpg]
[freebw.com/templates/novas/images/standard-post-4.jpg]
[freebw.com/templates/novas/images/standard-post-5.jpg]
[freebw.com/templates/novas/images/standard-post-6.jpg]
[freebw.com/templates/novas/images/standard-post-7.jpg]
[freebw.com/templates/novas/images/standard-post-8.jpg]
[freebw.com/templates/novas/standard-post.html]
[freebw.com/templates/novas/images/gallery-post-1.jpg]
[freebw.com/templates/novas/images/gallery-post-3.jpg]
[freebw.com/templates/novas/images/gallery-post-2.jpg]
[freebw.com/templates/novas/gallery-post.html]
[freebw.com/templates/novas/images/link-post-1.jpg]
[freebw.com/templates/novas/images/link-post-2.jpg]
[freebw.com/templates/novas/link-post.html]
[freebw.com/templates/novas/images/quote-post-1.jpg]
[freebw.com/templates/novas/images/quote-post-2.jpg]
[freebw.com/templates/novas/quote-post.html]
[freebw.com/templates/novas/images/video-post-3.jpg]
[freebw.com/templates/novas/images/video-post-1.jpg]
[freebw.com/templates/novas/images/video-post-2.jpg]
[freebw.com/templates/novas/video-post.html]
[freebw.com/templates/novas/images/audio-post-3.jpg]
[freebw.com/templates/novas/audio/restaurant.mp3]
[freebw.com/templates/novas/images/audio-post-1.jpg]
[freebw.com/templates/novas/images/audio-post-2.jpg]
[freebw.com/templates/novas/audio-post.html]
[freebw.com/templates/novas/images/three-columns-grid-1.jpg]
[freebw.com/templates/novas/images/three-columns-grid-2.jpg]
[freebw.com/templates/novas/images/three-columns-grid-3.jpg]
[freebw.com/templates/novas/images/three-columns-grid-4.jpg]
[freebw.com/templates/novas/images/three-columns-grid-5.jpg]
[freebw.com/templates/novas/images/three-columns-grid-6.jpg]
[freebw.com/templates/novas/images/three-columns-grid-7.jpg]
[freebw.com/templates/novas/images/three-columns-grid-10.jpg]
[freebw.com/templates/novas/images/three-columns-grid-9.jpg]
[freebw.com/templates/novas/standard-grid.html]
[freebw.com/templates/novas/images/three-columns-grid-8.jpg]
[freebw.com/templates/novas/images/three-columns-grid-11.jpg]
[freebw.com/templates/novas/images/three-columns-grid-12.jpg]
[freebw.com/templates/novas/standard-wide.html]
[freebw.com/templates/novas/gallery-grid.html]
[freebw.com/templates/novas/gallery-wide.html]
[freebw.com/templates/novas/landing.html]
[freebw.com/templates/novas/images/three-columns-grid-16.jpg]
[freebw.com/templates/novas/images/three-columns-grid-17.jpg]
[freebw.com/templates/novas/images/three-columns-grid-18.jpg]
[freebw.com/templates/novas/masonry-grid.html]
[freebw.com/templates/novas/masonry-wide.html]
[freebw.com/templates/novas/images/two-columns-1.jpg]
[freebw.com/templates/novas/images/two-columns-2.jpg]
[freebw.com/templates/novas/images/two-columns-3.jpg]
[freebw.com/templates/novas/images/two-columns-4.jpg]
[freebw.com/templates/novas/images/two-columns-5.jpg]
[freebw.com/templates/novas/images/two-columns-6.jpg]
[freebw.com/templates/novas/two-columns-grid.html]
[freebw.com/templates/novas/three-columns-grid.html]
[freebw.com/templates/novas/three-columns-wide.html]
[freebw.com/templates/novas/four-columns-grid.html]
[freebw.com/templates/novas/four-columns-wide.html]
[freebw.com/templates/novas/images/three-columns-grid-13.jpg]
[freebw.com/templates/novas/images/three-columns-grid-14.jpg]
[freebw.com/templates/novas/images/three-columns-grid-15.jpg]
[freebw.com/templates/novas/five-columns-wide.html]
[freebw.com/templates/novas/images/small-images-1.jpg]
[freebw.com/templates/novas/images/small-images-2.jpg]
[freebw.com/templates/novas/images/small-images-3.jpg]
[freebw.com/templates/novas/small-images.html]
[freebw.com/templates/novas/big-images.html]
[freebw.com/templates/novas/small-slider.html]
[freebw.com/templates/novas/big-slider.html]
[freebw.com/templates/novas/images/big-gallery-1.jpg]
[freebw.com/templates/novas/images/big-gallery-2.jpg]
[freebw.com/templates/novas/images/big-gallery-3.jpg]
[freebw.com/templates/novas/images/big-gallery-4.jpg]
[freebw.com/templates/novas/images/big-gallery-6.jpg]
[freebw.com/templates/novas/images/big-gallery-5.jpg]
[freebw.com/templates/novas/small-gallery.html]
[freebw.com/templates/novas/big-gallery.html]
[freebw.com/templates/novas/images/small-masonry-1.jpg]
[freebw.com/templates/novas/images/small-masonry-2.jpg]
[freebw.com/templates/novas/small-masonry.html]
[freebw.com/templates/novas/images/big-masonry-1.jpg]
[freebw.com/templates/novas/images/big-masonry-2.jpg]
[freebw.com/templates/novas/images/big-masonry-3.jpg]
[freebw.com/templates/novas/images/big-masonry-4.jpg]
[freebw.com/templates/novas/images/big-masonry-5.jpg]
[freebw.com/templates/novas/images/big-masonry-6.jpg]
[freebw.com/templates/novas/big-masonry.html]
[freebw.com/templates/novas/images/elements-bc.jpg]
[freebw.com/templates/novas/product-categories.html]
[freebw.com/templates/novas/standard-list.html]
[freebw.com/templates/novas/product-widget.html]
[freebw.com/templates/novas/masonry-list.html]
[freebw.com/templates/novas/product-showcase.html]
[freebw.com/templates/novas/banner.html]
[freebw.com/templates/novas/our-team.html]
[freebw.com/templates/novas/testimonial.html]
[freebw.com/templates/novas/countdown-timer.html]
[freebw.com/templates/novas/mailchimp-form.html]
[freebw.com/templates/novas/popper.js]
[freebw.com/templates/novas/vendor/bootrap/js/bootstrap.min.js]
[freebw.com/templates/novas/js/jquery.waypoints.min.js]
[freebw.com/templates/novas/vendor/owl/js/owl.carousel.min.js]
[freebw.com/templates/novas/vendor/owl/js/OwlCarousel2Thumbs.min.js]
[freebw.com/templates/novas/TweenLite.js]
[freebw.com/templates/TweenLite.js]
[freebw.com/templates/novas/vendor/revolution/js/jquery.themepunch.tools.min.js]
[freebw.com/templates/novas/themepunch.revolution.min.js]
[freebw.com/templates/novas/Version/index.html]
[freebw.com/templates/novas/jquery.themepunch.revolution.min.js]
[freebw.com/templates/novas/jquery.themepunch.revolution.js]
[freebw.com/templates/novas/images/transparent.png]
[freebw.com/templates/novas/assets/transparent.png]
[freebw.com/templates/novas/vendor/revolution/js/jquery.themepunch.revolution.min.js]
[freebw.com/templates/novas/js/isotope.pkgd.min.js]
[freebw.com/templates/novas/js/imagesloaded.pkgd.min.js]
[freebw.com/templates/novas/js/jquery.masonry.min.js]
[freebw.com/templates/novas/js/masonry.pkgd.min.js]
[freebw.com/templates/novas/vendor/fancybox-master/js/jquery.fancybox.min.js]
[freebw.com/templates/novas/js/theme-map.js]
[freebw.com/templates/novas/vendor/countdown/jquery.countdown.min.js]
[freebw.com/templates/novas/GET]
[freebw.com/templates/novas/vendor/mejs/mediaelement-and-player.min.js]
[freebw.com/templates/novas/vendor/nouislider/js/nouislider.js]
[freebw.com/templates/novas/vendor/sweetalert/sweetalert.min.js]
[freebw.com/templates/novas/js/config-contact.js]
[freebw.com/templates/novas/js/custom.js]
[freebw.com/templates/novas/fonts/linearicons/fonts/Linearicons-Free54e9.svg]
[freebw.com/templates/novas/vendor/owl/css/owl.video.play.html]
[freebw.com/templates/novas/vendor/revolution/fonts/revicons/revicons90c6.svg]
[freebw.com/templates/novas/vendor/revolution/css/openhand.html]
[freebw.com/templates/novas/vendor/revolution/css/closedhand.html]
[freebw.com/templates/novas/vendor/revolution/assets/gridtile.html]
[freebw.com/templates/novas/vendor/revolution/assets/gridtile_white.html]
[freebw.com/templates/novas/vendor/revolution/assets/gridtile_3x3.html]
[freebw.com/templates/novas/vendor/revolution/assets/gridtile_3x3_white.html]
[freebw.com/templates/novas/vendor/revolution/assets/coloredbg.html]
[freebw.com/templates/novas/vendor/mejs/mejs-controls.html]
[freebw.com/templates/novas/includes/contact-form.html]
[freebw.com/templates/novas/images/landing-header-bg.jpg]
[freebw.com/templates/novas/images/landing-logo.png]
[freebw.com/templates/novas/images/landing-hp-1.jpg]
[freebw.com/templates/novas/images/landing-hp-3.jpg]
[freebw.com/templates/novas/images/landing-hp-5.jpg]
[freebw.com/templates/novas/images/landing-hp-2.jpg]
[freebw.com/templates/novas/images/landing-hp-4.jpg]
[freebw.com/templates/novas/images/landing-hp-6.jpg]
[freebw.com/templates/novas/images/landing-coming-soon.jpg]
[freebw.com/templates/novas/images/landing-shop-1.jpg]
[freebw.com/templates/novas/images/landing-shop-2.jpg]
[freebw.com/templates/novas/images/landing-shop-3.jpg]
[freebw.com/templates/novas/images/landing-shop-4.jpg]
[freebw.com/templates/novas/images/landing-shop-5.jpg]
[freebw.com/templates/novas/images/landing-layout-1.jpg]
[freebw.com/templates/novas/images/landing-layout-2.jpg]
[freebw.com/templates/novas/images/landing-layout-3.jpg]
[freebw.com/templates/novas/images/landing-ft-bg.jpg]
[freebw.com/templates/novas/index.html]
[freebw.com/templates/novas/lost-password.html]
[freebw.com/templates/novas/landing.html]
[freebw.com/templates/novas/popper.html]
[freebw.com/templates/novas/TweenLite.html]
[freebw.com/templates/TweenLite.html]
[freebw.com/templates/novas/Version/index.html]
[freebw.com/templates/novas/themepunch.revolution.min.html]
[freebw.com/templates/novas/jquery.themepunch.revolution.min.html]
[freebw.com/templates/novas/jquery.themepunch.revolution.html]
[freebw.com/templates/novas/images/transparent.html]
[freebw.com/templates/novas/assets/transparent.html]
[freebw.com/templates/novas/GET.html]
[freebw.com/templates/novas/includes/contact-form.html]
